#
# There is insufficient memory for the Java Runtime Environment to continue.
# Native memory allocation (mmap) failed to map 260046848 bytes for G1 virtual space
# Possible reasons:
#   The system is out of physical RAM or swap space
#   The process is running with CompressedOops enabled, and the Java Heap may be blocking the growth of the native heap
# Possible solutions:
#   Reduce memory load on the system
#   Increase physical memory or swap space
#   Check if swap backing store is full
#   Decrease Java heap size (-Xmx/-Xms)
#   Decrease number of Java threads
#   Decrease Java thread stack sizes (-Xss)
#   Set larger code cache with -XX:ReservedCodeCacheSize=
#   JVM is running with Zero Based Compressed Oops mode in which the Java heap is
#     placed in the first 32GB address space. The Java Heap base address is the
#     maximum limit for the native heap growth. Please use -XX:HeapBaseMinAddress
#     to set the Java Heap base and to place the Java Heap above 32GB virtual address.
# This output file may be truncated or incomplete.
#
#  Out of Memory Error (os_windows.cpp:3600), pid=11672, tid=7188
#
# JRE version:  (21.0.2+13) (build )
# Java VM: OpenJDK 64-Bit Server VM (21.0.2+13-58, mixed mode, sharing, tiered, compressed oops, compressed class ptrs, g1 gc, windows-amd64)
# No core dump will be written. Minidumps are not enabled by default on client versions of Windows
#

---------------  S U M M A R Y ------------

Command Line: -Dmaven.multiModuleProjectDirectory=D:\Utilities\Spring Projects\customer-microservices -Djansi.passthrough=true -Dmaven.home=C:\Users\Dmeli\.m2\wrapper\dists\apache-maven-3.9.5-bin\2adeog8mj13csp1uusqnc1f2mo\apache-maven-3.9.5 -Dclassworlds.conf=C:\Users\Dmeli\.m2\wrapper\dists\apache-maven-3.9.5-bin\2adeog8mj13csp1uusqnc1f2mo\apache-maven-3.9.5\bin\m2.conf -Dmaven.ext.class.path=C:\Users\Dmeli\AppData\Local\Programs\IntelliJ IDEA Ultimate\plugins\maven\lib\maven-event-listener.jar -javaagent:C:\Users\Dmeli\AppData\Local\Programs\IntelliJ IDEA Ultimate\lib\idea_rt.jar=53127:C:\Users\Dmeli\AppData\Local\Programs\IntelliJ IDEA Ultimate\bin -Dfile.encoding=UTF-8 -Dsun.stdout.encoding=UTF-8 -Dsun.stderr.encoding=UTF-8 org.codehaus.classworlds.Launcher -Didea.version=2023.2.2 clean -P build-docker-image

Host: AMD Ryzen 7 4700U with Radeon Graphics         , 8 cores, 15G,  Windows 11 , 64 bit Build 22621 (10.0.22621.3235)
Time: Tue Apr  9 01:20:45 2024 GTB Daylight Time elapsed time: 0.031818 seconds (0d 0h 0m 0s)

---------------  T H R E A D  ---------------

Current thread (0x000002a616dd67b0):  JavaThread "Unknown thread" [_thread_in_vm, id=7188, stack(0x000000e87a300000,0x000000e87a400000) (1024K)]

Stack: [0x000000e87a300000,0x000000e87a400000]
Native frames: (J=compiled Java code, j=interpreted, Vv=VM code, C=native code)
V  [jvm.dll+0x6cade9]
V  [jvm.dll+0x8569c1]
V  [jvm.dll+0x858d2e]
V  [jvm.dll+0x859413]
V  [jvm.dll+0x280e56]
V  [jvm.dll+0x6c74d5]
V  [jvm.dll+0x6bbeca]
V  [jvm.dll+0x355bca]
V  [jvm.dll+0x35d816]
V  [jvm.dll+0x3ae67e]
V  [jvm.dll+0x3ae928]
V  [jvm.dll+0x3295dc]
V  [jvm.dll+0x32a16b]
V  [jvm.dll+0x81efa9]
V  [jvm.dll+0x3bba01]
V  [jvm.dll+0x807928]
V  [jvm.dll+0x44f50e]
V  [jvm.dll+0x450e11]
C  [jli.dll+0x52a3]
C  [ucrtbase.dll+0x29363]
C  [KERNEL32.DLL+0x1257d]
C  [ntdll.dll+0x5aa58]


---------------  P R O C E S S  ---------------

Threads class SMR info:
_java_thread_list=0x00007ffbd260bb88, length=0, elements={
}

Java Threads: ( => current thread )
Total: 0

Other Threads:
  0x000002a618f51510 WorkerThread "GC Thread#0"                     [id=14884, stack(0x000000e87a400000,0x000000e87a500000) (1024K)]
  0x000002a618f61bb0 ConcurrentGCThread "G1 Main Marker"            [id=1056, stack(0x000000e87a500000,0x000000e87a600000) (1024K)]
  0x000002a618f626b0 WorkerThread "G1 Conc#0"                       [id=8064, stack(0x000000e87a600000,0x000000e87a700000) (1024K)]

[error occurred during error reporting (printing all threads), id 0xc0000005, EXCEPTION_ACCESS_VIOLATION (0xc0000005) at pc=0x00007ffbd1d7c6a7]
VM state: not at safepoint (not fully initialized)

VM Mutex/Monitor currently owned by a thread:  ([mutex/lock_event])
[0x00007ffbd267ce68] Heap_lock - owner thread: 0x000002a616dd67b0

Heap address: 0x0000000709400000, size: 3948 MB, Compressed Oops mode: Zero based, Oop shift amount: 3

CDS archive(s) mapped at: [0x0000000000000000-0x0000000000000000-0x0000000000000000), size 0, SharedBaseAddress: 0x0000000800000000, ArchiveRelocationMode: 1.
Narrow klass base: 0x0000000000000000, Narrow klass shift: 0, Narrow klass range: 0x0

GC Precious Log:
 CardTable entry size: 512
 Card Set container configuration: InlinePtr #cards 4 size 8 Array Of Cards #cards 16 size 48 Howl #buckets 8 coarsen threshold 3686 Howl Bitmap #cards 512 size 80 coarsen threshold 460 Card regions per heap region 1 cards per card region 4096

Heap:
 garbage-first heap   total 0K, used 0K [0x0000000709400000, 0x0000000800000000)
  region size 2048K, 0 young (0K), 0 survivors (0K)

[error occurred during error reporting (printing heap information), id 0xc0000005, EXCEPTION_ACCESS_VIOLATION (0xc0000005) at pc=0x00007ffbd21639f9]
GC Heap History (0 events):
No events

Dll operation events (1 events):
Event: 0.020 Loaded shared library C:\Users\Dmeli\.jdks\openjdk-21.0.2\bin\java.dll

Deoptimization events (0 events):
No events

Classes loaded (0 events):
No events

Classes unloaded (0 events):
No events

Classes redefined (0 events):
No events

Internal exceptions (0 events):
No events

ZGC Phase Switch (0 events):
No events

VM Operations (0 events):
No events

Events (0 events):
No events


Dynamic libraries:
0x00007ff70eb60000 - 0x00007ff70eb6e000 	C:\Users\Dmeli\.jdks\openjdk-21.0.2\bin\java.exe
0x00007ffc19d90000 - 0x00007ffc19fa6000 	C:\WINDOWS\SYSTEM32\ntdll.dll
0x00007ffc19b10000 - 0x00007ffc19bd4000 	C:\WINDOWS\System32\KERNEL32.DLL
0x00007ffc17350000 - 0x00007ffc176f6000 	C:\WINDOWS\System32\KERNELBASE.dll
0x00007ffc17990000 - 0x00007ffc17aa1000 	C:\WINDOWS\System32\ucrtbase.dll
0x00007ffbd2820000 - 0x00007ffbd2838000 	C:\Users\Dmeli\.jdks\openjdk-21.0.2\bin\jli.dll
0x00007ffbd2800000 - 0x00007ffbd281b000 	C:\Users\Dmeli\.jdks\openjdk-21.0.2\bin\VCRUNTIME140.dll
0x00007ffc19200000 - 0x00007ffc193ad000 	C:\WINDOWS\System32\USER32.dll
0x00007ffc17260000 - 0x00007ffc17286000 	C:\WINDOWS\System32\win32u.dll
0x00007ffc048c0000 - 0x00007ffc04b53000 	C:\WINDOWS\WinSxS\amd64_microsoft.windows.common-controls_6595b64144ccf1df_6.0.22621.3235_none_270f74e173860f98\COMCTL32.dll
0x00007ffc19a60000 - 0x00007ffc19b07000 	C:\WINDOWS\System32\msvcrt.dll
0x00007ffc18610000 - 0x00007ffc18639000 	C:\WINDOWS\System32\GDI32.dll
0x00007ffc17700000 - 0x00007ffc17818000 	C:\WINDOWS\System32\gdi32full.dll
0x00007ffc17150000 - 0x00007ffc171ea000 	C:\WINDOWS\System32\msvcp_win.dll
0x00007ffc17c20000 - 0x00007ffc17c51000 	C:\WINDOWS\System32\IMM32.DLL
0x00007ffbd27f0000 - 0x00007ffbd27fc000 	C:\Users\Dmeli\.jdks\openjdk-21.0.2\bin\vcruntime140_1.dll
0x00007ffbd2760000 - 0x00007ffbd27ee000 	C:\Users\Dmeli\.jdks\openjdk-21.0.2\bin\msvcp140.dll
0x00007ffbd1a40000 - 0x00007ffbd2757000 	C:\Users\Dmeli\.jdks\openjdk-21.0.2\bin\server\jvm.dll
0x00007ffc199a0000 - 0x00007ffc19a52000 	C:\WINDOWS\System32\ADVAPI32.dll
0x00007ffc19c90000 - 0x00007ffc19d38000 	C:\WINDOWS\System32\sechost.dll
0x00007ffc17ab0000 - 0x00007ffc17ad8000 	C:\WINDOWS\System32\bcrypt.dll
0x00007ffc17e00000 - 0x00007ffc17f15000 	C:\WINDOWS\System32\RPCRT4.dll
0x00007ffc19920000 - 0x00007ffc19991000 	C:\WINDOWS\System32\WS2_32.dll
0x00007ffc15f20000 - 0x00007ffc15f6d000 	C:\WINDOWS\SYSTEM32\POWRPROF.dll
0x00007ffc0d320000 - 0x00007ffc0d32a000 	C:\WINDOWS\SYSTEM32\VERSION.dll
0x00007ffc0f800000 - 0x00007ffc0f834000 	C:\WINDOWS\SYSTEM32\WINMM.dll
0x00007ffc15f00000 - 0x00007ffc15f13000 	C:\WINDOWS\SYSTEM32\UMPDC.dll
0x00007ffc16120000 - 0x00007ffc16138000 	C:\WINDOWS\SYSTEM32\kernel.appcore.dll
0x00007ffbd1a30000 - 0x00007ffbd1a3a000 	C:\Users\Dmeli\.jdks\openjdk-21.0.2\bin\jimage.dll
0x00007ffc14980000 - 0x00007ffc14bb3000 	C:\WINDOWS\SYSTEM32\DBGHELP.DLL
0x00007ffc19580000 - 0x00007ffc19908000 	C:\WINDOWS\System32\combase.dll
0x00007ffc17b40000 - 0x00007ffc17c17000 	C:\WINDOWS\System32\OLEAUT32.dll
0x00007ffbda8a0000 - 0x00007ffbda8d2000 	C:\WINDOWS\SYSTEM32\dbgcore.DLL
0x00007ffc170d0000 - 0x00007ffc1714a000 	C:\WINDOWS\System32\bcryptPrimitives.dll
0x00007ffc06920000 - 0x00007ffc0692f000 	C:\Users\Dmeli\.jdks\openjdk-21.0.2\bin\instrument.dll
0x00007ffbd18f0000 - 0x00007ffbd190f000 	C:\Users\Dmeli\.jdks\openjdk-21.0.2\bin\java.dll

dbghelp: loaded successfully - version: 4.0.5 - missing functions: none
symbol engine: initialized successfully - sym options: 0x614 - pdb path: .;C:\Users\Dmeli\.jdks\openjdk-21.0.2\bin;C:\WINDOWS\SYSTEM32;C:\WINDOWS\WinSxS\amd64_microsoft.windows.common-controls_6595b64144ccf1df_6.0.22621.3235_none_270f74e173860f98;C:\Users\Dmeli\.jdks\openjdk-21.0.2\bin\server

VM Arguments:
jvm_args: -Dmaven.multiModuleProjectDirectory=D:\Utilities\Spring Projects\customer-microservices -Djansi.passthrough=true -Dmaven.home=C:\Users\Dmeli\.m2\wrapper\dists\apache-maven-3.9.5-bin\2adeog8mj13csp1uusqnc1f2mo\apache-maven-3.9.5 -Dclassworlds.conf=C:\Users\Dmeli\.m2\wrapper\dists\apache-maven-3.9.5-bin\2adeog8mj13csp1uusqnc1f2mo\apache-maven-3.9.5\bin\m2.conf -Dmaven.ext.class.path=C:\Users\Dmeli\AppData\Local\Programs\IntelliJ IDEA Ultimate\plugins\maven\lib\maven-event-listener.jar -javaagent:C:\Users\Dmeli\AppData\Local\Programs\IntelliJ IDEA Ultimate\lib\idea_rt.jar=53127:C:\Users\Dmeli\AppData\Local\Programs\IntelliJ IDEA Ultimate\bin -Dfile.encoding=UTF-8 -Dsun.stdout.encoding=UTF-8 -Dsun.stderr.encoding=UTF-8 
java_command: org.codehaus.classworlds.Launcher -Didea.version=2023.2.2 clean -P build-docker-image
java_class_path (initial): C:\Users\Dmeli\.m2\wrapper\dists\apache-maven-3.9.5-bin\2adeog8mj13csp1uusqnc1f2mo\apache-maven-3.9.5\boot\plexus-classworlds-2.7.0.jar;C:\Users\Dmeli\.m2\wrapper\dists\apache-maven-3.9.5-bin\2adeog8mj13csp1uusqnc1f2mo\apache-maven-3.9.5\boot\plexus-classworlds.license
Launcher Type: SUN_STANDARD

[Global flags]
     intx CICompilerCount                          = 4                                         {product} {ergonomic}
     uint ConcGCThreads                            = 2                                         {product} {ergonomic}
     uint G1ConcRefinementThreads                  = 8                                         {product} {ergonomic}
   size_t G1HeapRegionSize                         = 2097152                                   {product} {ergonomic}
    uintx GCDrainStackTargetSize                   = 64                                        {product} {ergonomic}
   size_t InitialHeapSize                          = 260046848                                 {product} {ergonomic}
   size_t MarkStackSize                            = 4194304                                   {product} {ergonomic}
   size_t MaxHeapSize                              = 4139778048                                {product} {ergonomic}
   size_t MinHeapDeltaBytes                        = 2097152                                   {product} {ergonomic}
   size_t MinHeapSize                              = 8388608                                   {product} {ergonomic}
    uintx NonNMethodCodeHeapSize                   = 5839372                                {pd product} {ergonomic}
    uintx NonProfiledCodeHeapSize                  = 122909434                              {pd product} {ergonomic}
    uintx ProfiledCodeHeapSize                     = 122909434                              {pd product} {ergonomic}
    uintx ReservedCodeCacheSize                    = 251658240                              {pd product} {ergonomic}
     bool SegmentedCodeCache                       = true                                      {product} {ergonomic}
   size_t SoftMaxHeapSize                          = 4139778048                             {manageable} {ergonomic}
     bool UseCompressedOops                        = true                           {product lp64_product} {ergonomic}
     bool UseG1GC                                  = true                                      {product} {ergonomic}
     bool UseLargePagesIndividualAllocation        = false                                  {pd product} {ergonomic}

Logging:
Log output configuration:
 #0: stdout all=warning uptime,level,tags foldmultilines=false
 #1: stderr all=off uptime,level,tags foldmultilines=false

Environment Variables:
PATH=C:\Python312\Scripts\;C:\Python312\;D:\Soft\OracleDBExpress21\dbhomeXE\bin;C:\WINDOWS\system32;C:\WINDOWS;C:\WINDOWS\System32\Wbem;C:\WINDOWS\System32\WindowsPowerShell\v1.0\;C:\WINDOWS\System32\OpenSSH\;C:\Program Files\dotnet\;C:\MinGW\bin;C:\Program Files\nodejs\;C:\ProgramData\chocolatey\bin;C:\Program Files (x86)\dotnet\;C:\Program Files\PowerShell\7\;D:\Soft\Sumo Traffic\bin\;D:\Soft\Sumo Traffic\tools\;C:\Program Files\Git\cmd;C:\Program Files\Docker\Docker\resources\bin;C:\Program Files\MySQL\MySQL Shell 8.0\bin\;C:\Users\Dmeli\AppData\Local\Microsoft\WindowsApps;C:\Users\Dmeli\.dotnet\tools;C:\Users\Dmeli\AppData\Local\JetBrains\Toolbox\scripts;C:\Users\Dmeli\AppData\Local\Programs\Microsoft VS Code\bin;C:\MinGW\bin;C:\Users\Dmeli\AppData\Roaming\npm;D:\Library\Desktop 2\OpenSSL-1.1.1h_win32;C:\OpenSSL;C:\OpenSSL\x86\bin;C:\OpenSSL\ssl;C:\wamp64\bin\php\php7.4.33;D:\Soft\Quartus\modelsim_ase\win32aloem;C:\Program Files\PostgreSQL\16\bin;C:\Users\Dmeli\.jdks\openjdk-21.0.2\bin;C:\Users\Dmeli\AppData\Local\gitkraken\bin;C:\Users\Dmeli\AppData\Local\Programs\oh-my-posh\bin;C:\Users\Dmeli\AppData\Local\Programs\IntelliJ IDEA Ultimate\plugins\maven\lib\maven3\bin;
USERNAME=danmelinte
OS=Windows_NT
PROCESSOR_IDENTIFIER=AMD64 Family 23 Model 96 Stepping 1, AuthenticAMD
TMP=C:\Users\Dmeli\AppData\Local\Temp
TEMP=C:\Users\Dmeli\AppData\Local\Temp




Periodic native trim disabled

---------------  S Y S T E M  ---------------

OS:
 Windows 11 , 64 bit Build 22621 (10.0.22621.3235)
OS uptime: 0 days 1:45 hours
Hyper-V role detected

CPU: total 8 (initial active 8) (8 cores per cpu, 1 threads per core) family 23 model 96 stepping 1 microcode 0x0, cx8, cmov, fxsr, mmx, 3dnowpref, sse, sse2, sse3, ssse3, sse4a, sse4.1, sse4.2, popcnt, lzcnt, tsc, tscinvbit, avx, avx2, aes, clmul, bmi1, bmi2, adx, sha, fma, vzeroupper, clflush, clflushopt, hv, rdtscp, rdpid, f16c
Processor Information for all 8 processors :
  Max Mhz: 2000, Current Mhz: 2000, Mhz Limit: 2000

Memory: 4k page, system-wide physical 15791M (301M free)
TotalPageFile size 19887M (AvailPageFile size 167M)
current process WorkingSet (physical memory assigned to process): 11M, peak: 11M
current process commit charge ("private bytes"): 60M, peak: 308M

vm_info: OpenJDK 64-Bit Server VM (21.0.2+13-58) for windows-amd64 JRE (21.0.2+13-58), built on 2024-01-05T18:32:24Z by "mach5one" with MS VC++ 17.1 (VS2022)

END.
