#
# A fatal error has been detected by the Java Runtime Environment:
#
#  EXCEPTION_ACCESS_VIOLATION (0xc0000005) at pc=0x00007ff963add323, pid=13784, tid=14900
#
# JRE version: OpenJDK Runtime Environment (21.0.2+13) (build 21.0.2+13-58)
# Java VM: OpenJDK 64-Bit Server VM (21.0.2+13-58, mixed mode, emulated-client, sharing, tiered, compressed oops, compressed class ptrs, g1 gc, windows-amd64)
# Problematic frame:
# V  [jvm.dll+0x3dd323]
#
# No core dump will be written. Minidumps are not enabled by default on client versions of Windows
#
# If you would like to submit a bug report, please visit:
#   https://bugreport.java.com/bugreport/crash.jsp
#

---------------  S U M M A R Y ------------

Command Line: -XX:TieredStopAtLevel=1 -Dspring.output.ansi.enabled=always -Dcom.sun.management.jmxremote -Dspring.jmx.enabled=true -Dspring.liveBeansView.mbeanDomain -Dspring.application.admin.enabled=true -Dmanagement.endpoints.jmx.exposure.include=* -javaagent:C:\Users\Dmeli\AppData\Local\Programs\IntelliJ IDEA Ultimate\lib\idea_rt.jar=64777:C:\Users\Dmeli\AppData\Local\Programs\IntelliJ IDEA Ultimate\bin -Dfile.encoding=UTF-8 -Dsun.stdout.encoding=UTF-8 -Dsun.stderr.encoding=UTF-8 com.notification.NotificationApplication

Host: AMD Ryzen 7 4700U with Radeon Graphics         , 8 cores, 15G,  Windows 11 , 64 bit Build 22621 (10.0.22621.3235)
Time: Mon Apr  8 23:34:48 2024 GTB Daylight Time elapsed time: 8.362917 seconds (0d 0h 0m 8s)

---------------  T H R E A D  ---------------

Current thread (0x000002b0e55b8fe0):  JavaThread "http-nio-8082-Poller" daemon [_thread_in_vm, id=14900, stack(0x000000f470e00000,0x000000f470f00000) (1024K)]

Stack: [0x000000f470e00000,0x000000f470f00000],  sp=0x000000f470eff5c0,  free space=1021k
Native frames: (J=compiled Java code, j=interpreted, Vv=VM code, C=native code)
V  [jvm.dll+0x3dd323]
V  [jvm.dll+0x6cad02]
V  [jvm.dll+0x3ddfcb]
V  [jvm.dll+0x3de257]
V  [jvm.dll+0x4712f5]
V  [jvm.dll+0x3ef6c6]
V  [jvm.dll+0x7ff568]
