#
# There is insufficient memory for the Java Runtime Environment to continue.
# Native memory allocation (mmap) failed to map 260046848 bytes for G1 virtual space
# Possible reasons:
#   The system is out of physical RAM or swap space
#   The process is running with CompressedOops enabled, and the Java Heap may be blocking the growth of the native heap
# Possible solutions:
#   Reduce memory load on the system
#   Increase physical memory or swap space
#   Check if swap backing store is full
#   Decrease Java heap size (-Xmx/-Xms)
#   Decrease number of Java threads
#   Decrease Java thread stack sizes (-Xss)
#   Set larger code cache with -XX:ReservedCodeCacheSize=
#   JVM is running with Zero Based Compressed Oops mode in which the Java heap is
#     placed in the first 32GB address space. The Java Heap base address is the
#     maximum limit for the native heap growth. Please use -XX:HeapBaseMinAddress
#     to set the Java Heap base and to place the Java Heap above 32GB virtual address.
# This output file may be truncated or incomplete.
#
#  Out of Memory Error (os_windows.cpp:3829), pid=17040, tid=20504
#
# JRE version:  (17.0.8+7) (build )
# Java VM: OpenJDK 64-Bit Server VM (17.0.8+7-b1000.22, mixed mode, sharing, tiered, compressed oops, compressed class ptrs, g1 gc, windows-amd64)
# No core dump will be written. Minidumps are not enabled by default on client versions of Windows
#

---------------  S U M M A R Y ------------

Command Line: git4idea.http.GitAskPassApp Username for 'https://github.com': 

Host: AMD Ryzen 7 4700U with Radeon Graphics         , 8 cores, 15G,  Windows 11 , 64 bit Build 22621 (10.0.22621.3235)
Time: Thu Mar 14 21:49:32 2024 GTB Standard Time elapsed time: 0.015486 seconds (0d 0h 0m 0s)

---------------  T H R E A D  ---------------

Current thread (0x0000016538290c50):  JavaThread "Unknown thread" [_thread_in_vm, id=20504, stack(0x000000410a900000,0x000000410aa00000)]

Stack: [0x000000410a900000,0x000000410aa00000]
Native frames: (J=compiled Java code, j=interpreted, Vv=VM code, C=native code)
V  [jvm.dll+0x6852da]
V  [jvm.dll+0x844c84]
V  [jvm.dll+0x84659e]
V  [jvm.dll+0x846c03]
V  [jvm.dll+0x24b7cf]
V  [jvm.dll+0x682049]
V  [jvm.dll+0x67671a]
V  [jvm.dll+0x30be2b]
V  [jvm.dll+0x3132d6]
V  [jvm.dll+0x36302e]
V  [jvm.dll+0x36325f]
V  [jvm.dll+0x2e1f48]
V  [jvm.dll+0x2e2eb4]
V  [jvm.dll+0x815c11]
V  [jvm.dll+0x370df1]
V  [jvm.dll+0x7f4fdc]
V  [jvm.dll+0x3f3f1f]
V  [jvm.dll+0x3f5b31]
C  [jli.dll+0x528f]
C  [ucrtbase.dll+0x29363]
C  [KERNEL32.DLL+0x1257d]
C  [ntdll.dll+0x5aa58]


---------------  P R O C E S S  ---------------

Threads class SMR info:
_java_thread_list=0x00007ffd4ead0098, length=0, elements={
}

Java Threads: ( => current thread )

Other Threads:
  0x00000165382fa870 GCTaskThread "GC Thread#0" [stack: 0x000000410aa00000,0x000000410ab00000] [id=20448]
  0x000001653830ad90 ConcurrentGCThread "G1 Main Marker" [stack: 0x000000410ab00000,0x000000410ac00000] [id=15296]
  0x000001653830c6c0 ConcurrentGCThread "G1 Conc#0" [stack: 0x000000410ac00000,0x000000410ad00000] [id=11016]

[error occurred during error reporting (printing all threads), id 0xc0000005, EXCEPTION_ACCESS_VIOLATION (0xc0000005) at pc=0x00007ffd4e282ab7]

VM state: not at safepoint (not fully initialized)

VM Mutex/Monitor currently owned by a thread:  ([mutex/lock_event])
[0x000001653828a8f0] Heap_lock - owner thread: 0x0000016538290c50

Heap address: 0x0000000709400000, size: 3948 MB, Compressed Oops mode: Zero based, Oop shift amount: 3

CDS archive(s) mapped at: [0x0000000000000000-0x0000000000000000-0x0000000000000000), size 0, SharedBaseAddress: 0x0000000800000000, ArchiveRelocationMode: 1.
Narrow klass base: 0x0000000000000000, Narrow klass shift: 0, Narrow klass range: 0x0

GC Precious Log:
<Empty>

Heap:
 garbage-first heap   total 0K, used 0K [0x0000000709400000, 0x0000000800000000)
  region size 2048K, 0 young (0K), 0 survivors (0K)
 Metaspace       used 0K, committed 0K, reserved 0K
  class space    used 0K, committed 0K, reserved 0K

Heap Regions: E=young(eden), S=young(survivor), O=old, HS=humongous(starts), HC=humongous(continues), CS=collection set, F=free, OA=open archive, CA=closed archive, TAMS=top-at-mark-start (previous, next)

Card table byte_map: [0x000001654b4e0000,0x000001654bca0000] _byte_map_base: 0x0000016547c96000

Marking Bits (Prev, Next): (CMBitMap*) 0x00000165382fada0, (CMBitMap*) 0x00000165382fade0
 Prev Bits: [0x000001654c460000, 0x0000016550210000)
 Next Bits: [0x0000016550210000, 0x0000016553fc0000)

GC Heap History (0 events):
No events

Dll operation events (1 events):
Event: 0.009 Loaded shared library C:\Users\Dmeli\AppData\Local\Programs\IntelliJ IDEA Ultimate\jbr\bin\java.dll

Deoptimization events (0 events):
No events

Classes unloaded (0 events):
No events

Classes redefined (0 events):
No events

Internal exceptions (0 events):
No events

VM Operations (0 events):
No events

Events (0 events):
No events


Dynamic libraries:
0x00007ff73e8e0000 - 0x00007ff73e8ea000 	C:\Users\Dmeli\AppData\Local\Programs\IntelliJ IDEA Ultimate\jbr\bin\java.exe
0x00007ffdb31b0000 - 0x00007ffdb33c6000 	C:\WINDOWS\SYSTEM32\ntdll.dll
0x00007ffdb30a0000 - 0x00007ffdb3164000 	C:\WINDOWS\System32\KERNEL32.DLL
0x00007ffdb0730000 - 0x00007ffdb0ad6000 	C:\WINDOWS\System32\KERNELBASE.dll
0x00007ffdb0590000 - 0x00007ffdb06a1000 	C:\WINDOWS\System32\ucrtbase.dll
0x00007ffda6da0000 - 0x00007ffda6db7000 	C:\Users\Dmeli\AppData\Local\Programs\IntelliJ IDEA Ultimate\jbr\bin\jli.dll
0x00007ffd94e30000 - 0x00007ffd94e4b000 	C:\Users\Dmeli\AppData\Local\Programs\IntelliJ IDEA Ultimate\jbr\bin\VCRUNTIME140.dll
0x00007ffdb2320000 - 0x00007ffdb24cd000 	C:\WINDOWS\System32\USER32.dll
0x00007ffd9bad0000 - 0x00007ffd9bd63000 	C:\WINDOWS\WinSxS\amd64_microsoft.windows.common-controls_6595b64144ccf1df_6.0.22621.3235_none_270f74e173860f98\COMCTL32.dll
0x00007ffdb0c50000 - 0x00007ffdb0c76000 	C:\WINDOWS\System32\win32u.dll
0x00007ffdb24d0000 - 0x00007ffdb2577000 	C:\WINDOWS\System32\msvcrt.dll
0x00007ffdb1120000 - 0x00007ffdb1149000 	C:\WINDOWS\System32\GDI32.dll
0x00007ffdb0d20000 - 0x00007ffdb0e38000 	C:\WINDOWS\System32\gdi32full.dll
0x00007ffdb04f0000 - 0x00007ffdb058a000 	C:\WINDOWS\System32\msvcp_win.dll
0x00007ffdb2740000 - 0x00007ffdb2771000 	C:\WINDOWS\System32\IMM32.DLL
0x00007ffd972e0000 - 0x00007ffd972ec000 	C:\Users\Dmeli\AppData\Local\Programs\IntelliJ IDEA Ultimate\jbr\bin\vcruntime140_1.dll
0x00007ffd86500000 - 0x00007ffd8658d000 	C:\Users\Dmeli\AppData\Local\Programs\IntelliJ IDEA Ultimate\jbr\bin\msvcp140.dll
0x00007ffd4df90000 - 0x00007ffd4ec13000 	C:\Users\Dmeli\AppData\Local\Programs\IntelliJ IDEA Ultimate\jbr\bin\server\jvm.dll
0x00007ffdb2260000 - 0x00007ffdb2312000 	C:\WINDOWS\System32\ADVAPI32.dll
0x00007ffdb1150000 - 0x00007ffdb11f8000 	C:\WINDOWS\System32\sechost.dll
0x00007ffdb0cf0000 - 0x00007ffdb0d18000 	C:\WINDOWS\System32\bcrypt.dll
0x00007ffdb2f10000 - 0x00007ffdb3025000 	C:\WINDOWS\System32\RPCRT4.dll
0x00007ffdaf340000 - 0x00007ffdaf38d000 	C:\WINDOWS\SYSTEM32\POWRPROF.dll
0x00007ffd992b0000 - 0x00007ffd992b9000 	C:\WINDOWS\SYSTEM32\WSOCK32.dll
0x00007ffda8c00000 - 0x00007ffda8c34000 	C:\WINDOWS\SYSTEM32\WINMM.dll
0x00007ffda5f40000 - 0x00007ffda5f4a000 	C:\WINDOWS\SYSTEM32\VERSION.dll
0x00007ffdb2030000 - 0x00007ffdb20a1000 	C:\WINDOWS\System32\WS2_32.dll
0x00007ffdaf320000 - 0x00007ffdaf333000 	C:\WINDOWS\SYSTEM32\UMPDC.dll
0x00007ffdaf540000 - 0x00007ffdaf558000 	C:\WINDOWS\SYSTEM32\kernel.appcore.dll
0x00007ffdad2e0000 - 0x00007ffdad2ea000 	C:\Users\Dmeli\AppData\Local\Programs\IntelliJ IDEA Ultimate\jbr\bin\jimage.dll
0x00007ffdaddf0000 - 0x00007ffdae023000 	C:\WINDOWS\SYSTEM32\DBGHELP.DLL
0x00007ffdb2b80000 - 0x00007ffdb2f08000 	C:\WINDOWS\System32\combase.dll
0x00007ffdb1ee0000 - 0x00007ffdb1fb7000 	C:\WINDOWS\System32\OLEAUT32.dll
0x00007ffd85200000 - 0x00007ffd85232000 	C:\WINDOWS\SYSTEM32\dbgcore.DLL
0x00007ffdb06b0000 - 0x00007ffdb072a000 	C:\WINDOWS\System32\bcryptPrimitives.dll
0x00007ffdad2b0000 - 0x00007ffdad2d5000 	C:\Users\Dmeli\AppData\Local\Programs\IntelliJ IDEA Ultimate\jbr\bin\java.dll

dbghelp: loaded successfully - version: 4.0.5 - missing functions: none
symbol engine: initialized successfully - sym options: 0x614 - pdb path: .;C:\Users\Dmeli\AppData\Local\Programs\IntelliJ IDEA Ultimate\jbr\bin;C:\WINDOWS\SYSTEM32;C:\WINDOWS\WinSxS\amd64_microsoft.windows.common-controls_6595b64144ccf1df_6.0.22621.3235_none_270f74e173860f98;C:\Users\Dmeli\AppData\Local\Programs\IntelliJ IDEA Ultimate\jbr\bin\server

VM Arguments:
java_command: git4idea.http.GitAskPassApp Username for 'https://github.com': 
java_class_path (initial): C:/Users/Dmeli/AppData/Local/Programs/IntelliJ IDEA Ultimate/plugins/vcs-git/lib/git4idea-rt.jar;C:/Users/Dmeli/AppData/Local/Programs/IntelliJ IDEA Ultimate/lib/externalProcess-rt.jar
Launcher Type: SUN_STANDARD

[Global flags]
     intx CICompilerCount                          = 4                                         {product} {ergonomic}
     uint ConcGCThreads                            = 2                                         {product} {ergonomic}
     uint G1ConcRefinementThreads                  = 8                                         {product} {ergonomic}
   size_t G1HeapRegionSize                         = 2097152                                   {product} {ergonomic}
    uintx GCDrainStackTargetSize                   = 64                                        {product} {ergonomic}
   size_t InitialHeapSize                          = 260046848                                 {product} {ergonomic}
   size_t MarkStackSize                            = 4194304                                   {product} {ergonomic}
   size_t MaxHeapSize                              = 4139778048                                {product} {ergonomic}
   size_t MinHeapDeltaBytes                        = 2097152                                   {product} {ergonomic}
   size_t MinHeapSize                              = 8388608                                   {product} {ergonomic}
    uintx NonNMethodCodeHeapSize                   = 5839372                                {pd product} {ergonomic}
    uintx NonProfiledCodeHeapSize                  = 122909434                              {pd product} {ergonomic}
    uintx ProfiledCodeHeapSize                     = 122909434                              {pd product} {ergonomic}
    uintx ReservedCodeCacheSize                    = 251658240                              {pd product} {ergonomic}
     bool SegmentedCodeCache                       = true                                      {product} {ergonomic}
   size_t SoftMaxHeapSize                          = 4139778048                             {manageable} {ergonomic}
     bool UseCompressedClassPointers               = true                           {product lp64_product} {ergonomic}
     bool UseCompressedOops                        = true                           {product lp64_product} {ergonomic}
     bool UseG1GC                                  = true                                      {product} {ergonomic}
     bool UseLargePagesIndividualAllocation        = false                                  {pd product} {ergonomic}

Logging:
Log output configuration:
 #0: stdout all=warning uptime,level,tags
 #1: stderr all=off uptime,level,tags

Environment Variables:
PATH=C:\Program Files\Git\mingw64\libexec\git-core;C:\Program Files\Git\mingw64\libexec\git-core;C:\Program Files\Git\mingw64\bin;C:\Program Files\Git\usr\bin;C:\Users\Dmeli\bin;C:\Python312\Scripts;C:\Python312;D:\Soft\OracleDBExpress21\dbhomeXE\bin;C:\WINDOWS\system32;C:\WINDOWS;C:\WINDOWS\System32\Wbem;C:\WINDOWS\System32\WindowsPowerShell\v1.0;C:\WINDOWS\System32\OpenSSH;C:\Program Files\dotnet;C:\MinGW\bin;C:\Program Files\nodejs;C:\ProgramData\chocolatey\bin;C:\Program Files (x86)\dotnet;C:\Program Files\PowerShell\7;D:\Soft\Sumo Traffic\bin;D:\Soft\Sumo Traffic\tools;C:\Program Files\Git\cmd;C:\Program Files\Docker\Docker\resources\bin;C:\Program Files\MySQL\MySQL Shell 8.0\bin;C:\Users\Dmeli\AppData\Local\Microsoft\WindowsApps;C:\Users\Dmeli\.dotnet\tools;C:\Users\Dmeli\AppData\Local\JetBrains\Toolbox\scripts;C:\Users\Dmeli\AppData\Local\Programs\Microsoft VS Code\bin;C:\MinGW\bin;C:\Users\Dmeli\AppData\Roaming\npm;D:\Library\Desktop 2\OpenSSL-1.1.1h_win32;C:\OpenSSL;C:\OpenSSL\x86\bin;C:\OpenSSL\ssl;C:\wamp64\bin\php\php7.4.33;D:\Soft\Quartus\modelsim_ase\win32aloem;C:\Program Files\PostgreSQL\16\bin
USERNAME=Dmeli
DISPLAY=:0.0
LC_ALL=en_US.UTF-8
TERM=xterm-256color
TMPDIR=C:\Users\Dmeli\AppData\Local\Temp
OS=Windows_NT
PROCESSOR_IDENTIFIER=AMD64 Family 23 Model 96 Stepping 1, AuthenticAMD
TMP=C:\Users\Dmeli\AppData\Local\Temp
TEMP=C:\Users\Dmeli\AppData\Local\Temp


JNI global refs:
JNI global refs: 0, weak refs: 0

JNI global refs memory usage: 0, weak refs: 0

OOME stack traces (most recent first):
Classloader memory used:


---------------  S Y S T E M  ---------------

OS:
 Windows 11 , 64 bit Build 22621 (10.0.22621.3235)
OS uptime: 0 days 8:08 hours
Hyper-V role detected

CPU: total 8 (initial active 8) (8 cores per cpu, 1 threads per core) family 23 model 96 stepping 1 microcode 0x0, cx8, cmov, fxsr, mmx, 3dnowpref, sse, sse2, sse3, ssse3, sse4a, sse4.1, sse4.2, popcnt, lzcnt, tsc, tscinvbit, avx, avx2, aes, clmul, bmi1, bmi2, adx, sha, fma, vzeroupper, clflush, clflushopt, hv
Processor Information for all 8 processors :
  Max Mhz: 2000, Current Mhz: 2000, Mhz Limit: 2000

Memory: 4k page, system-wide physical 15791M (469M free)
TotalPageFile size 19887M (AvailPageFile size 231M)
current process WorkingSet (physical memory assigned to process): 11M, peak: 11M
current process commit charge ("private bytes"): 60M, peak: 308M

vm_info: OpenJDK 64-Bit Server VM (17.0.8+7-b1000.22) for windows-amd64 JRE (17.0.8+7-b1000.22), built on 2023-09-02 by "builduser" with MS VC++ 16.10 / 16.11 (VS2019)

END.
